<?xml version="1.0" encoding="UTF-8"?>
<testsuite xmlns:xsi="http://www.w3.org/2001/XMLSchema-instance" xsi:noNamespaceSchemaLocation="https://maven.apache.org/surefire/maven-surefire-plugin/xsd/surefire-test-report-3.0.xsd" version="3.0" name="bankaccount.BankAccountTest" time="0.119" tests="6" errors="0" skipped="0" failures="0">
  <properties>
[...]
</properties>
  <testcase name="testGetTransactions" classname="bankaccount.BankAccountTest" time="0.062"/>
  <testcase name="testDepositWithZero" classname="bankaccount.BankAccountTest" time="0.004"/>
  <testcase name="testWithdraw" classname="bankaccount.BankAccountTest" time="0.002"/>
  <testcase name="testPrintAccountStatement" classname="bankaccount.BankAccountTest" time="0.003">
    <system-out><![CDATA[Le journal des opérations de votre compte : 
Date --- Amount -- Solde 
07-07-2023____+100.0___100.0
07-07-2023____-50.0___50.0
07-07-2023____-50.0___0.0
]]></system-out>
  </testcase>
  <testcase name="testWithdrawWithInsufficientBalance" classname="bankaccount.BankAccountTest" time="0.005"/>
  <testcase name="testDeposit" classname="bankaccount.BankAccountTest" time="0.003"/>
</testsuite>